<?xml version="1.0" encoding="UTF-8"?>
<!-- Generated by org.testng.reporters.JUnitXMLReporter -->
<testsuite hostname="Nithesh-Gowda" ignored="4" name="Test" tests="2" failures="0" timestamp="09 Oct 2020 16:13:20 GMT" time="92.314" errors="0">
  <testcase name="verifyToastMessage" time="4.467" classname="test.VerifyToastMSGTest"/>
  <testcase name="registrationTest" time="50.704" classname="test.RegistrationTest"/>
  <testcase name="@AfterTest configAT" time="0.0" classname="base.BaseTest">
    <ignored/>
  </testcase> <!-- @AfterTest configAT -->
  <testcase name="@BeforeTest configBT" time="0.0" classname="base.BaseTest">
    <ignored/>
  </testcase> <!-- @BeforeTest configBT -->
  <testcase name="@AfterSuite configAS" time="0.0" classname="base.BaseTest">
    <ignored/>
  </testcase> <!-- @AfterSuite configAS -->
  <testcase name="@BeforeSuite configBS" time="0.0" classname="base.BaseTest">
    <ignored/>
  </testcase> <!-- @BeforeSuite configBS -->
</testsuite> <!-- Test -->
